# JRE version: OpenJDK Runtime Environment (8.0_131-b11) (build 1.8.0_131-8u131-b11-0ubuntu1.16.04.2-b11)
# Java VM: OpenJDK 64-Bit Server VM (25.131-b11 mixed mode linux-amd64 compressed oops)
Heap:
 PSYoungGen      total 206336K, used 0K [0x00000000d6e00000, 0x00000000ea480000, 0x0000000100000000)
  eden space 160768K, 0% used [0x00000000d6e00000,0x00000000d6e00000,0x00000000e0b00000)
  from space 45568K, 0% used [0x00000000e4c80000,0x00000000e4c80000,0x00000000e7900000)
  to   space 67072K, 0% used [0x00000000e0b00000,0x00000000e0b00000,0x00000000e4c80000)
 ParOldGen       total 111616K, used 92601K [0x0000000084a00000, 0x000000008b700000, 0x00000000d6e00000)
  object space 111616K, 82% used [0x0000000084a00000,0x000000008a46e520,0x000000008b700000)
 Metaspace       used 34399K, capacity 34864K, committed 35072K, reserved 1079296K
  class space    used 4457K, capacity 4580K, committed 4608K, reserved 1048576K
GC Heap History (10 events):
Event: 74.366 GC heap after
Heap after GC invocations=14 (full 2):
 PSYoungGen      total 106496K, used 0K [0x00000000d6e00000, 0x00000000e0900000, 0x0000000100000000)
  eden space 77824K, 0% used [0x00000000d6e00000,0x00000000d6e00000,0x00000000dba00000)
  from space 28672K, 0% used [0x00000000ddd00000,0x00000000ddd00000,0x00000000df900000)
  to   space 35840K, 0% used [0x00000000dba00000,0x00000000dba00000,0x00000000ddd00000)
 ParOldGen       total 111616K, used 44302K [0x0000000084a00000, 0x000000008b700000, 0x00000000d6e00000)
  object space 111616K, 39% used [0x0000000084a00000,0x0000000087543bd0,0x000000008b700000)
 Metaspace       used 34389K, capacity 34864K, committed 35072K, reserved 1079296K
  class space    used 4457K, capacity 4580K, committed 4608K, reserved 1048576K
}
Event: 79.750 GC heap before
{Heap before GC invocations=15 (full 2):
 PSYoungGen      total 106496K, used 77824K [0x00000000d6e00000, 0x00000000e0900000, 0x0000000100000000)
  eden space 77824K, 100% used [0x00000000d6e00000,0x00000000dba00000,0x00000000dba00000)
  from space 28672K, 0% used [0x00000000ddd00000,0x00000000ddd00000,0x00000000df900000)
  to   space 35840K, 0% used [0x00000000dba00000,0x00000000dba00000,0x00000000ddd00000)
 ParOldGen       total 111616K, used 44302K [0x0000000084a00000, 0x000000008b700000, 0x00000000d6e00000)
  object space 111616K, 39% used [0x0000000084a00000,0x0000000087543bd0,0x000000008b700000)
 Metaspace       used 34389K, capacity 34864K, committed 35072K, reserved 1079296K
  class space    used 4457K, capacity 4580K, committed 4608K, reserved 1048576K
Event: 79.768 GC heap after
Heap after GC invocations=15 (full 2):
 PSYoungGen      total 113664K, used 26272K [0x00000000d6e00000, 0x00000000e2f80000, 0x0000000100000000)
  eden space 77824K, 0% used [0x00000000d6e00000,0x00000000d6e00000,0x00000000dba00000)
  from space 35840K, 73% used [0x00000000dba00000,0x00000000dd3a8000,0x00000000ddd00000)
  to   space 38400K, 0% used [0x00000000e0a00000,0x00000000e0a00000,0x00000000e2f80000)
 ParOldGen       total 111616K, used 44302K [0x0000000084a00000, 0x000000008b700000, 0x00000000d6e00000)
  object space 111616K, 39% used [0x0000000084a00000,0x0000000087543bd0,0x000000008b700000)
 Metaspace       used 34389K, capacity 34864K, committed 35072K, reserved 1079296K
  class space    used 4457K, capacity 4580K, committed 4608K, reserved 1048576K
}
Event: 79.854 GC heap before
{Heap before GC invocations=16 (full 2):
 PSYoungGen      total 113664K, used 104096K [0x00000000d6e00000, 0x00000000e2f80000, 0x0000000100000000)
  eden space 77824K, 100% used [0x00000000d6e00000,0x00000000dba00000,0x00000000dba00000)
  from space 35840K, 73% used [0x00000000dba00000,0x00000000dd3a8000,0x00000000ddd00000)
  to   space 38400K, 0% used [0x00000000e0a00000,0x00000000e0a00000,0x00000000e2f80000)
 ParOldGen       total 111616K, used 44302K [0x0000000084a00000, 0x000000008b700000, 0x00000000d6e00000)
  object space 111616K, 39% used [0x0000000084a00000,0x0000000087543bd0,0x000000008b700000)
 Metaspace       used 34389K, capacity 34864K, committed 35072K, reserved 1079296K
  class space    used 4457K, capacity 4580K, committed 4608K, reserved 1048576K
Event: 79.965 GC heap after
Heap after GC invocations=16 (full 2):
 PSYoungGen      total 154624K, used 36192K [0x00000000d6e00000, 0x00000000e3b00000, 0x0000000100000000)
  eden space 116224K, 0% used [0x00000000d6e00000,0x00000000d6e00000,0x00000000ddf80000)
  from space 38400K, 94% used [0x00000000e0a00000,0x00000000e2d58000,0x00000000e2f80000)
  to   space 43520K, 0% used [0x00000000ddf80000,0x00000000ddf80000,0x00000000e0a00000)
 ParOldGen       total 111616K, used 70742K [0x0000000084a00000, 0x000000008b700000, 0x00000000d6e00000)
  object space 111616K, 63% used [0x0000000084a00000,0x0000000088f15bf0,0x000000008b700000)
 Metaspace       used 34389K, capacity 34864K, committed 35072K, reserved 1079296K
  class space    used 4457K, capacity 4580K, committed 4608K, reserved 1048576K
}
Event: 134.909 GC heap before
{Heap before GC invocations=17 (full 2):
 PSYoungGen      total 154624K, used 152416K [0x00000000d6e00000, 0x00000000e3b00000, 0x0000000100000000)
  eden space 116224K, 100% used [0x00000000d6e00000,0x00000000ddf80000,0x00000000ddf80000)
  from space 38400K, 94% used [0x00000000e0a00000,0x00000000e2d58000,0x00000000e2f80000)
  to   space 43520K, 0% used [0x00000000ddf80000,0x00000000ddf80000,0x00000000e0a00000)
 ParOldGen       total 111616K, used 70742K [0x0000000084a00000, 0x000000008b700000, 0x00000000d6e00000)
  object space 111616K, 63% used [0x0000000084a00000,0x0000000088f15bf0,0x000000008b700000)
 Metaspace       used 34399K, capacity 34864K, committed 35072K, reserved 1079296K
  class space    used 4457K, capacity 4580K, committed 4608K, reserved 1048576K
Event: 134.931 GC heap after
Heap after GC invocations=17 (full 2):
 PSYoungGen      total 159744K, used 30240K [0x00000000d6e00000, 0x00000000e7900000, 0x0000000100000000)
  eden space 116224K, 0% used [0x00000000d6e00000,0x00000000d6e00000,0x00000000ddf80000)
  from space 43520K, 69% used [0x00000000ddf80000,0x00000000dfd08000,0x00000000e0a00000)
  to   space 45568K, 0% used [0x00000000e4c80000,0x00000000e4c80000,0x00000000e7900000)
 ParOldGen       total 111616K, used 70750K [0x0000000084a00000, 0x000000008b700000, 0x00000000d6e00000)
  object space 111616K, 63% used [0x0000000084a00000,0x0000000088f17bf0,0x000000008b700000)
 Metaspace       used 34399K, capacity 34864K, committed 35072K, reserved 1079296K
  class space    used 4457K, capacity 4580K, committed 4608K, reserved 1048576K
}
Event: 135.028 GC heap before
{Heap before GC invocations=18 (full 2):
 PSYoungGen      total 159744K, used 146464K [0x00000000d6e00000, 0x00000000e7900000, 0x0000000100000000)
  eden space 116224K, 100% used [0x00000000d6e00000,0x00000000ddf80000,0x00000000ddf80000)
  from space 43520K, 69% used [0x00000000ddf80000,0x00000000dfd08000,0x00000000e0a00000)
  to   space 45568K, 0% used [0x00000000e4c80000,0x00000000e4c80000,0x00000000e7900000)
 ParOldGen       total 111616K, used 70750K [0x0000000084a00000, 0x000000008b700000, 0x00000000d6e00000)
  object space 111616K, 63% used [0x0000000084a00000,0x0000000088f17bf0,0x000000008b700000)
 Metaspace       used 34399K, capacity 34864K, committed 35072K, reserved 1079296K
  class space    used 4457K, capacity 4580K, committed 4608K, reserved 1048576K
Event: 135.124 GC heap after
Heap after GC invocations=18 (full 2):
 PSYoungGen      total 206336K, used 45568K [0x00000000d6e00000, 0x00000000ea480000, 0x0000000100000000)
  eden space 160768K, 0% used [0x00000000d6e00000,0x00000000d6e00000,0x00000000e0b00000)
  from space 45568K, 100% used [0x00000000e4c80000,0x00000000e7900000,0x00000000e7900000)
  to   space 67072K, 0% used [0x00000000e0b00000,0x00000000e0b00000,0x00000000e4c80000)
 ParOldGen       total 111616K, used 109739K [0x0000000084a00000, 0x000000008b700000, 0x00000000d6e00000)
  object space 111616K, 98% used [0x0000000084a00000,0x000000008b52ac20,0x000000008b700000)
 Metaspace       used 34399K, capacity 34864K, committed 35072K, reserved 1079296K
  class space    used 4457K, capacity 4580K, committed 4608K, reserved 1048576K
}
Event: 135.124 GC heap before
{Heap before GC invocations=19 (full 3):
 PSYoungGen      total 206336K, used 45568K [0x00000000d6e00000, 0x00000000ea480000, 0x0000000100000000)
  eden space 160768K, 0% used [0x00000000d6e00000,0x00000000d6e00000,0x00000000e0b00000)
  from space 45568K, 100% used [0x00000000e4c80000,0x00000000e7900000,0x00000000e7900000)
  to   space 67072K, 0% used [0x00000000e0b00000,0x00000000e0b00000,0x00000000e4c80000)
 ParOldGen       total 111616K, used 109739K [0x0000000084a00000, 0x000000008b700000, 0x00000000d6e00000)
  object space 111616K, 98% used [0x0000000084a00000,0x000000008b52ac20,0x000000008b700000)
 Metaspace       used 34399K, capacity 34864K, committed 35072K, reserved 1079296K
  class space    used 4457K, capacity 4580K, committed 4608K, reserved 1048576K

