# JRE version: OpenJDK Runtime Environment (8.0_131-b11) (build 1.8.0_131-8u131-b11-0ubuntu1.16.04.2-b11)
# Java VM: OpenJDK 64-Bit Server VM (25.131-b11 mixed mode linux-amd64 compressed oops)
Heap:
 PSYoungGen      total 168960K, used 47104K [0x00000000d6e00000, 0x00000000e4100000, 0x0000000100000000)
  eden space 121856K, 0% used [0x00000000d6e00000,0x00000000d6e00000,0x00000000de500000)
  from space 47104K, 100% used [0x00000000de500000,0x00000000e1300000,0x00000000e1300000)
  to   space 43520K, 0% used [0x00000000e1680000,0x00000000e1680000,0x00000000e4100000)
 ParOldGen       total 176128K, used 130322K [0x0000000084a00000, 0x000000008f600000, 0x00000000d6e00000)
  object space 176128K, 73% used [0x0000000084a00000,0x000000008c944820,0x000000008f600000)
 Metaspace       used 34355K, capacity 34822K, committed 35072K, reserved 1079296K
  class space    used 4453K, capacity 4573K, committed 4608K, reserved 1048576K
GC Heap History (10 events):
Event: 256.112 GC heap after
Heap after GC invocations=13 (full 2):
 PSYoungGen      total 90624K, used 18208K [0x00000000d6e00000, 0x00000000e0680000, 0x0000000100000000)
  eden space 55808K, 0% used [0x00000000d6e00000,0x00000000d6e00000,0x00000000da480000)
  from space 34816K, 52% used [0x00000000da480000,0x00000000db648010,0x00000000dc680000)
  to   space 34304K, 0% used [0x00000000de500000,0x00000000de500000,0x00000000e0680000)
 ParOldGen       total 112640K, used 43537K [0x0000000084a00000, 0x000000008b800000, 0x00000000d6e00000)
  object space 112640K, 38% used [0x0000000084a00000,0x00000000874846b0,0x000000008b800000)
 Metaspace       used 34351K, capacity 34822K, committed 35072K, reserved 1079296K
  class space    used 4453K, capacity 4573K, committed 4608K, reserved 1048576K
}
Event: 256.166 GC heap before
{Heap before GC invocations=14 (full 2):
 PSYoungGen      total 90624K, used 74016K [0x00000000d6e00000, 0x00000000e0680000, 0x0000000100000000)
  eden space 55808K, 100% used [0x00000000d6e00000,0x00000000da480000,0x00000000da480000)
  from space 34816K, 52% used [0x00000000da480000,0x00000000db648010,0x00000000dc680000)
  to   space 34304K, 0% used [0x00000000de500000,0x00000000de500000,0x00000000e0680000)
 ParOldGen       total 112640K, used 43537K [0x0000000084a00000, 0x000000008b800000, 0x00000000d6e00000)
  object space 112640K, 38% used [0x0000000084a00000,0x00000000874846b0,0x000000008b800000)
 Metaspace       used 34351K, capacity 34822K, committed 35072K, reserved 1079296K
  class space    used 4453K, capacity 4573K, committed 4608K, reserved 1048576K
Event: 256.219 GC heap after
Heap after GC invocations=14 (full 2):
 PSYoungGen      total 111616K, used 34272K [0x00000000d6e00000, 0x00000000e1b80000, 0x0000000100000000)
  eden space 77312K, 0% used [0x00000000d6e00000,0x00000000d6e00000,0x00000000db980000)
  from space 34304K, 99% used [0x00000000de500000,0x00000000e0678010,0x00000000e0680000)
  to   space 44544K, 0% used [0x00000000db980000,0x00000000db980000,0x00000000de500000)
 ParOldGen       total 112640K, used 55937K [0x0000000084a00000, 0x000000008b800000, 0x00000000d6e00000)
  object space 112640K, 49% used [0x0000000084a00000,0x00000000880a06b0,0x000000008b800000)
 Metaspace       used 34351K, capacity 34822K, committed 35072K, reserved 1079296K
  class space    used 4453K, capacity 4573K, committed 4608K, reserved 1048576K
}
Event: 256.279 GC heap before
{Heap before GC invocations=15 (full 2):
 PSYoungGen      total 111616K, used 111584K [0x00000000d6e00000, 0x00000000e1b80000, 0x0000000100000000)
  eden space 77312K, 100% used [0x00000000d6e00000,0x00000000db980000,0x00000000db980000)
  from space 34304K, 99% used [0x00000000de500000,0x00000000e0678010,0x00000000e0680000)
  to   space 44544K, 0% used [0x00000000db980000,0x00000000db980000,0x00000000de500000)
 ParOldGen       total 112640K, used 55937K [0x0000000084a00000, 0x000000008b800000, 0x00000000d6e00000)
  object space 112640K, 49% used [0x0000000084a00000,0x00000000880a06b0,0x000000008b800000)
 Metaspace       used 34351K, capacity 34822K, committed 35072K, reserved 1079296K
  class space    used 4453K, capacity 4573K, committed 4608K, reserved 1048576K
Event: 256.325 GC heap after
Heap after GC invocations=15 (full 2):
 PSYoungGen      total 121856K, used 39520K [0x00000000d6e00000, 0x00000000e4780000, 0x0000000100000000)
  eden space 77312K, 0% used [0x00000000d6e00000,0x00000000d6e00000,0x00000000db980000)
  from space 44544K, 88% used [0x00000000db980000,0x00000000de018000,0x00000000de500000)
  to   space 50176K, 0% used [0x00000000e1680000,0x00000000e1680000,0x00000000e4780000)
 ParOldGen       total 112640K, used 90509K [0x0000000084a00000, 0x000000008b800000, 0x00000000d6e00000)
  object space 112640K, 80% used [0x0000000084a00000,0x000000008a2636f0,0x000000008b800000)
 Metaspace       used 34351K, capacity 34822K, committed 35072K, reserved 1079296K
  class space    used 4453K, capacity 4573K, committed 4608K, reserved 1048576K
}
Event: 256.325 GC heap before
{Heap before GC invocations=16 (full 3):
 PSYoungGen      total 121856K, used 39520K [0x00000000d6e00000, 0x00000000e4780000, 0x0000000100000000)
  eden space 77312K, 0% used [0x00000000d6e00000,0x00000000d6e00000,0x00000000db980000)
  from space 44544K, 88% used [0x00000000db980000,0x00000000de018000,0x00000000de500000)
  to   space 50176K, 0% used [0x00000000e1680000,0x00000000e1680000,0x00000000e4780000)
 ParOldGen       total 112640K, used 90509K [0x0000000084a00000, 0x000000008b800000, 0x00000000d6e00000)
  object space 112640K, 80% used [0x0000000084a00000,0x000000008a2636f0,0x000000008b800000)
 Metaspace       used 34351K, capacity 34822K, committed 35072K, reserved 1079296K
  class space    used 4453K, capacity 4573K, committed 4608K, reserved 1048576K
Event: 256.690 GC heap after
Heap after GC invocations=16 (full 3):
 PSYoungGen      total 121856K, used 0K [0x00000000d6e00000, 0x00000000e4780000, 0x0000000100000000)
  eden space 77312K, 0% used [0x00000000d6e00000,0x00000000d6e00000,0x00000000db980000)
  from space 44544K, 0% used [0x00000000db980000,0x00000000db980000,0x00000000de500000)
  to   space 50176K, 0% used [0x00000000e1680000,0x00000000e1680000,0x00000000e4780000)
 ParOldGen       total 176128K, used 94285K [0x0000000084a00000, 0x000000008f600000, 0x00000000d6e00000)
  object space 176128K, 53% used [0x0000000084a00000,0x000000008a6137f0,0x000000008f600000)
 Metaspace       used 34351K, capacity 34822K, committed 35072K, reserved 1079296K
  class space    used 4453K, capacity 4573K, committed 4608K, reserved 1048576K
}
Event: 384.554 GC heap before
{Heap before GC invocations=17 (full 3):
 PSYoungGen      total 121856K, used 77312K [0x00000000d6e00000, 0x00000000e4780000, 0x0000000100000000)
  eden space 77312K, 100% used [0x00000000d6e00000,0x00000000db980000,0x00000000db980000)
  from space 44544K, 0% used [0x00000000db980000,0x00000000db980000,0x00000000de500000)
  to   space 50176K, 0% used [0x00000000e1680000,0x00000000e1680000,0x00000000e4780000)
 ParOldGen       total 176128K, used 94285K [0x0000000084a00000, 0x000000008f600000, 0x00000000d6e00000)
  object space 176128K, 53% used [0x0000000084a00000,0x000000008a6137f0,0x000000008f600000)
 Metaspace       used 34355K, capacity 34822K, committed 35072K, reserved 1079296K
  class space    used 4453K, capacity 4573K, committed 4608K, reserved 1048576K
Event: 384.575 GC heap after
Heap after GC invocations=17 (full 3):
 PSYoungGen      total 165376K, used 20512K [0x00000000d6e00000, 0x00000000e4100000, 0x0000000100000000)
  eden space 121856K, 0% used [0x00000000d6e00000,0x00000000d6e00000,0x00000000de500000)
  from space 43520K, 47% used [0x00000000e1680000,0x00000000e2a88000,0x00000000e4100000)
  to   space 47104K, 0% used [0x00000000de500000,0x00000000de500000,0x00000000e1300000)
 ParOldGen       total 176128K, used 94285K [0x0000000084a00000, 0x000000008f600000, 0x00000000d6e00000)
  object space 176128K, 53% used [0x0000000084a00000,0x000000008a6137f0,0x000000008f600000)
 Metaspace       used 34355K, capacity 34822K, committed 35072K, reserved 1079296K
  class space    used 4453K, capacity 4573K, committed 4608K, reserved 1048576K
}
Event: 384.688 GC heap before
{Heap before GC invocations=18 (full 3):
 PSYoungGen      total 165376K, used 142368K [0x00000000d6e00000, 0x00000000e4100000, 0x0000000100000000)
  eden space 121856K, 100% used [0x00000000d6e00000,0x00000000de500000,0x00000000de500000)
  from space 43520K, 47% used [0x00000000e1680000,0x00000000e2a88000,0x00000000e4100000)
  to   space 47104K, 0% used [0x00000000de500000,0x00000000de500000,0x00000000e1300000)
 ParOldGen       total 176128K, used 94285K [0x0000000084a00000, 0x000000008f600000, 0x00000000d6e00000)
  object space 176128K, 53% used [0x0000000084a00000,0x000000008a6137f0,0x000000008f600000)
 Metaspace       used 34355K, capacity 34822K, committed 35072K, reserved 1079296K
  class space    used 4453K, capacity 4573K, committed 4608K, reserved 1048576K

